<?xml version="1.0" encoding="UTF-8"?>
<testsuite xmlns:xsi="http://www.w3.org/2001/XMLSchema-instance" xsi:noNamespaceSchemaLocation="https://maven.apache.org/surefire/maven-surefire-plugin/xsd/surefire-test-report-3.0.xsd" version="3.0" name="TestSuite" time="84.347" tests="1" errors="0" skipped="0" failures="0">
  <properties>
[...]
</properties>
  <testcase name="printalllink" classname="Com.Ecommerse.Testcases.brokenlinks" time="66.78">
    <system-out><![CDATA[ INFO [main] (Base_class.java:45)- open page
 INFO [main] (Base_class.java:50)- open ecomerse app
total links-->60
active links -->60
200-->https://demo.nopcommerce.com/register?returnUrl=%2F---> the link is valid
200-->https://demo.nopcommerce.com/login?returnUrl=%2F---> the link is valid
200-->https://demo.nopcommerce.com/wishlist---> the link is valid
200-->https://demo.nopcommerce.com/cart---> the link is valid
200-->https://demo.nopcommerce.com/---> the link is valid
200-->https://demo.nopcommerce.com/computers---> the link is valid
200-->https://demo.nopcommerce.com/desktops---> the link is valid
200-->https://demo.nopcommerce.com/notebooks---> the link is valid
200-->https://demo.nopcommerce.com/software---> the link is valid
200-->https://demo.nopcommerce.com/electronics---> the link is valid
200-->https://demo.nopcommerce.com/camera-photo---> the link is valid
200-->https://demo.nopcommerce.com/cell-phones---> the link is valid
200-->https://demo.nopcommerce.com/others---> the link is valid
200-->https://demo.nopcommerce.com/apparel---> the link is valid
200-->https://demo.nopcommerce.com/shoes---> the link is valid
200-->https://demo.nopcommerce.com/clothing---> the link is valid
200-->https://demo.nopcommerce.com/accessories---> the link is valid
200-->https://demo.nopcommerce.com/digital-downloads---> the link is valid
200-->https://demo.nopcommerce.com/books---> the link is valid
200-->https://demo.nopcommerce.com/jewelry---> the link is valid
200-->https://demo.nopcommerce.com/gift-cards---> the link is valid
200-->https://demo.nopcommerce.com/computers---> the link is valid
200-->https://demo.nopcommerce.com/desktops---> the link is valid
200-->https://demo.nopcommerce.com/notebooks---> the link is valid
200-->https://demo.nopcommerce.com/software---> the link is valid
200-->https://demo.nopcommerce.com/electronics---> the link is valid
200-->https://demo.nopcommerce.com/camera-photo---> the link is valid
200-->https://demo.nopcommerce.com/cell-phones---> the link is valid
200-->https://demo.nopcommerce.com/others---> the link is valid
200-->https://demo.nopcommerce.com/apparel---> the link is valid
200-->https://demo.nopcommerce.com/shoes---> the link is valid
200-->https://demo.nopcommerce.com/clothing---> the link is valid
200-->https://demo.nopcommerce.com/accessories---> the link is valid
200-->https://demo.nopcommerce.com/digital-downloads---> the link is valid
200-->https://demo.nopcommerce.com/books---> the link is valid
200-->https://demo.nopcommerce.com/jewelry---> the link is valid
200-->https://demo.nopcommerce.com/gift-cards---> the link is valid
200-->https://demo.nopcommerce.com/sitemap---> the link is valid
200-->https://demo.nopcommerce.com/shipping-returns---> the link is valid
200-->https://demo.nopcommerce.com/privacy-notice---> the link is valid
200-->https://demo.nopcommerce.com/conditions-of-use---> the link is valid
200-->https://demo.nopcommerce.com/about-us---> the link is valid
200-->https://demo.nopcommerce.com/contactus---> the link is valid
200-->https://demo.nopcommerce.com/search---> the link is valid
200-->https://demo.nopcommerce.com/news---> the link is valid
200-->https://demo.nopcommerce.com/blog---> the link is valid
200-->https://demo.nopcommerce.com/recentlyviewedproducts---> the link is valid
200-->https://demo.nopcommerce.com/compareproducts---> the link is valid
200-->https://demo.nopcommerce.com/newproducts---> the link is valid
302-->https://demo.nopcommerce.com/customer/info---> the link is valid
302-->https://demo.nopcommerce.com/order/history---> the link is valid
302-->https://demo.nopcommerce.com/customer/addresses---> the link is valid
200-->https://demo.nopcommerce.com/cart---> the link is valid
200-->https://demo.nopcommerce.com/wishlist---> the link is valid
302-->https://demo.nopcommerce.com/vendor/apply---> the link is valid
301-->http://www.facebook.com/nopCommerce---> the link is valid
302-->https://twitter.com/nopCommerce---> the link is valid
200-->https://demo.nopcommerce.com/news/rss/1---> the link is valid
301-->http://www.youtube.com/user/nopCommerce---> the link is valid
301-->https://www.nopcommerce.com/---> the link is valid
total number of crashlink is---->0
]]></system-out>
    <system-err><![CDATA[SLF4J: No SLF4J providers were found.
SLF4J: Defaulting to no-operation (NOP) logger implementation
SLF4J: See https://www.slf4j.org/codes.html#noProviders for further details.
Jul 25, 2023 12:58:08 PM org.openqa.selenium.remote.service.DriverService$Builder getLogOutput
INFO: Driver logs no longer sent to console by default; https://www.selenium.dev/documentation/webdriver/drivers/service/#setting-log-output
ERROR StatusLogger Log4j2 could not find a logging implementation. Please add log4j-core to the classpath. Using SimpleLogger to log to the console...
]]></system-err>
  </testcase>
</testsuite>