<?xml version="1.0" encoding="UTF-8"?>
<testng-results ignored="0" total="1" passed="1" failed="0" skipped="0">
  <reporter-output>
  </reporter-output>
  <suite started-at="2023-07-25T12:58:08 IST" name="Suite" finished-at="2023-07-25T12:59:31 IST" duration-ms="83421">
    <groups>
    </groups>
    <test started-at="2023-07-25T12:58:08 IST" name="Test" finished-at="2023-07-25T12:59:31 IST" duration-ms="83421">
      <class name="Com.Ecommerse.Testcases.brokenlinks">
        <test-method is-config="true" signature="openbrowser(java.lang.String)[pri:0, instance:Com.Ecommerse.Testcases.brokenlinks@70e9c95d]" started-at="2023-07-25T12:58:08 IST" name="openbrowser" finished-at="2023-07-25T12:58:18 IST" duration-ms="10281" status="PASS">
          <params>
            <param index="0">
              <value>
                <![CDATA[chrome]]>
              </value>
            </param>
          </params>
          <reporter-output>
          </reporter-output>
        </test-method> <!-- openbrowser -->
        <test-method signature="printalllink()[pri:0, instance:Com.Ecommerse.Testcases.brokenlinks@70e9c95d]" started-at="2023-07-25T12:58:18 IST" name="printalllink" finished-at="2023-07-25T12:59:25 IST" duration-ms="66769" status="PASS">
          <reporter-output>
          </reporter-output>
        </test-method> <!-- printalllink -->
        <test-method is-config="true" signature="end()[pri:0, instance:Com.Ecommerse.Testcases.brokenlinks@70e9c95d]" started-at="2023-07-25T12:59:25 IST" name="end" finished-at="2023-07-25T12:59:31 IST" duration-ms="6276" status="PASS">
          <reporter-output>
          </reporter-output>
        </test-method> <!-- end -->
      </class> <!-- Com.Ecommerse.Testcases.brokenlinks -->
    </test> <!-- Test -->
  </suite> <!-- Suite -->
</testng-results>
