<?xml version="1.0" encoding="UTF-8"?>
<testng-results ignored="0" total="1" passed="1" failed="0" skipped="0">
  <reporter-output>
  </reporter-output>
  <suite started-at="2023-08-01T19:14:21 IST" name="Suite" finished-at="2023-08-01T19:15:34 IST" duration-ms="72836">
    <groups>
    </groups>
    <test started-at="2023-08-01T19:14:21 IST" name="Test" finished-at="2023-08-01T19:15:34 IST" duration-ms="72836">
      <class name="Com.Ecommerse.Testcases.brokenlinks">
        <test-method is-config="true" signature="openbrowser(java.lang.String)[pri:0, instance:Com.Ecommerse.Testcases.brokenlinks@3b0fe47a]" started-at="2023-08-01T19:14:21 IST" name="openbrowser" finished-at="2023-08-01T19:14:30 IST" duration-ms="9217" status="PASS">
          <params>
            <param index="0">
              <value>
                <![CDATA[chrome]]>
              </value>
            </param>
          </params>
          <reporter-output>
          </reporter-output>
        </test-method> <!-- openbrowser -->
        <test-method signature="printalllink()[pri:0, instance:Com.Ecommerse.Testcases.brokenlinks@3b0fe47a]" started-at="2023-08-01T19:14:30 IST" name="printalllink" finished-at="2023-08-01T19:15:27 IST" duration-ms="57179" status="PASS">
          <reporter-output>
          </reporter-output>
        </test-method> <!-- printalllink -->
        <test-method is-config="true" signature="end()[pri:0, instance:Com.Ecommerse.Testcases.brokenlinks@3b0fe47a]" started-at="2023-08-01T19:15:28 IST" name="end" finished-at="2023-08-01T19:15:34 IST" duration-ms="6345" status="PASS">
          <reporter-output>
          </reporter-output>
        </test-method> <!-- end -->
      </class> <!-- Com.Ecommerse.Testcases.brokenlinks -->
    </test> <!-- Test -->
  </suite> <!-- Suite -->
</testng-results>
